# JRE version: Java(TM) SE Runtime Environment (7.0_51-b13) (build 1.7.0_51-b13)
# Java VM: Java HotSpot(TM) 64-Bit Server VM (24.51-b03 mixed mode linux-amd64 compressed oops)
Heap
 PSYoungGen      total 48640K, used 43857K [0x00000000f1880000, 0x00000000f4980000, 0x0000000100000000)
  eden space 47104K, 93% used [0x00000000f1880000,0x00000000f4354530,0x00000000f4680000)
  from space 1536K, 0% used [0x00000000f4800000,0x00000000f4800000,0x00000000f4980000)
  to   space 1536K, 0% used [0x00000000f4680000,0x00000000f4680000,0x00000000f4800000)
 ParOldGen       total 33792K, used 7417K [0x00000000d4a00000, 0x00000000d6b00000, 0x00000000f1880000)
  object space 33792K, 21% used [0x00000000d4a00000,0x00000000d513e490,0x00000000d6b00000)
 PSPermGen       total 24064K, used 12146K [0x00000000cf800000, 0x00000000d0f80000, 0x00000000d4a00000)
  object space 24064K, 50% used [0x00000000cf800000,0x00000000d03dc898,0x00000000d0f80000)
GC Heap History (10 events):
Event: 1,582 GC heap before
{Heap before GC invocations=1 (full 0):
 PSYoungGen      total 13312K, used 9005K [0x00000000f1880000, 0x00000000f2700000, 0x0000000100000000)
  eden space 11776K, 76% used [0x00000000f1880000,0x00000000f214b560,0x00000000f2400000)
  from space 1536K, 0% used [0x00000000f2580000,0x00000000f2580000,0x00000000f2700000)
  to   space 1536K, 0% used [0x00000000f2400000,0x00000000f2400000,0x00000000f2580000)
 ParOldGen       total 29184K, used 0K [0x00000000d4a00000, 0x00000000d6680000, 0x00000000f1880000)
  object space 29184K, 0% used [0x00000000d4a00000,0x00000000d4a00000,0x00000000d6680000)
 PSPermGen       total 21504K, used 11178K [0x00000000cf800000, 0x00000000d0d00000, 0x00000000d4a00000)
  object space 21504K, 51% used [0x00000000cf800000,0x00000000d02ea9c0,0x00000000d0d00000)
Event: 1,604 GC heap after
Heap after GC invocations=1 (full 0):
 PSYoungGen      total 13312K, used 1522K [0x00000000f1880000, 0x00000000f3280000, 0x0000000100000000)
  eden space 11776K, 0% used [0x00000000f1880000,0x00000000f1880000,0x00000000f2400000)
  from space 1536K, 99% used [0x00000000f2400000,0x00000000f257c830,0x00000000f2580000)
  to   space 1536K, 0% used [0x00000000f3100000,0x00000000f3100000,0x00000000f3280000)
 ParOldGen       total 29184K, used 2502K [0x00000000d4a00000, 0x00000000d6680000, 0x00000000f1880000)
  object space 29184K, 8% used [0x00000000d4a00000,0x00000000d4c71ae8,0x00000000d6680000)
 PSPermGen       total 21504K, used 11178K [0x00000000cf800000, 0x00000000d0d00000, 0x00000000d4a00000)
  object space 21504K, 51% used [0x00000000cf800000,0x00000000d02ea9c0,0x00000000d0d00000)
}
Event: 1,860 GC heap before
{Heap before GC invocations=2 (full 0):
 PSYoungGen      total 13312K, used 13298K [0x00000000f1880000, 0x00000000f3280000, 0x0000000100000000)
  eden space 11776K, 100% used [0x00000000f1880000,0x00000000f2400000,0x00000000f2400000)
  from space 1536K, 99% used [0x00000000f2400000,0x00000000f257c830,0x00000000f2580000)
  to   space 1536K, 0% used [0x00000000f3100000,0x00000000f3100000,0x00000000f3280000)
 ParOldGen       total 29184K, used 2502K [0x00000000d4a00000, 0x00000000d6680000, 0x00000000f1880000)
  object space 29184K, 8% used [0x00000000d4a00000,0x00000000d4c71ae8,0x00000000d6680000)
 PSPermGen       total 21504K, used 11179K [0x00000000cf800000, 0x00000000d0d00000, 0x00000000d4a00000)
  object space 21504K, 51% used [0x00000000cf800000,0x00000000d02eafd8,0x00000000d0d00000)
Event: 1,876 GC heap after
Heap after GC invocations=2 (full 0):
 PSYoungGen      total 25088K, used 1523K [0x00000000f1880000, 0x00000000f3280000, 0x0000000100000000)
  eden space 23552K, 0% used [0x00000000f1880000,0x00000000f1880000,0x00000000f2f80000)
  from space 1536K, 99% used [0x00000000f3100000,0x00000000f327cc40,0x00000000f3280000)
  to   space 1536K, 0% used [0x00000000f2f80000,0x00000000f2f80000,0x00000000f3100000)
 ParOldGen       total 29184K, used 9693K [0x00000000d4a00000, 0x00000000d6680000, 0x00000000f1880000)
  object space 29184K, 33% used [0x00000000d4a00000,0x00000000d5377628,0x00000000d6680000)
 PSPermGen       total 21504K, used 11179K [0x00000000cf800000, 0x00000000d0d00000, 0x00000000d4a00000)
  object space 21504K, 51% used [0x00000000cf800000,0x00000000d02eafd8,0x00000000d0d00000)
}
Event: 3,105 GC heap before
{Heap before GC invocations=3 (full 0):
 PSYoungGen      total 25088K, used 24665K [0x00000000f1880000, 0x00000000f3280000, 0x0000000100000000)
  eden space 23552K, 98% used [0x00000000f1880000,0x00000000f2f19b10,0x00000000f2f80000)
  from space 1536K, 99% used [0x00000000f3100000,0x00000000f327cc40,0x00000000f3280000)
  to   space 1536K, 0% used [0x00000000f2f80000,0x00000000f2f80000,0x00000000f3100000)
 ParOldGen       total 29184K, used 9693K [0x00000000d4a00000, 0x00000000d6680000, 0x00000000f1880000)
  object space 29184K, 33% used [0x00000000d4a00000,0x00000000d5377628,0x00000000d6680000)
 PSPermGen       total 21504K, used 11852K [0x00000000cf800000, 0x00000000d0d00000, 0x00000000d4a00000)
  object space 21504K, 55% used [0x00000000cf800000,0x00000000d0393048,0x00000000d0d00000)
Event: 3,143 GC heap after
Heap after GC invocations=3 (full 0):
 PSYoungGen      total 25088K, used 1520K [0x00000000f1880000, 0x00000000f4980000, 0x0000000100000000)
  eden space 23552K, 0% used [0x00000000f1880000,0x00000000f1880000,0x00000000f2f80000)
  from space 1536K, 98% used [0x00000000f2f80000,0x00000000f30fc020,0x00000000f3100000)
  to   space 1536K, 0% used [0x00000000f4800000,0x00000000f4800000,0x00000000f4980000)
 ParOldGen       total 29184K, used 16757K [0x00000000d4a00000, 0x00000000d6680000, 0x00000000f1880000)
  object space 29184K, 57% used [0x00000000d4a00000,0x00000000d5a5d710,0x00000000d6680000)
 PSPermGen       total 21504K, used 11852K [0x00000000cf800000, 0x00000000d0d00000, 0x00000000d4a00000)
  object space 21504K, 55% used [0x00000000cf800000,0x00000000d0393048,0x00000000d0d00000)
}
Event: 3,792 GC heap before
{Heap before GC invocations=4 (full 0):
 PSYoungGen      total 25088K, used 24587K [0x00000000f1880000, 0x00000000f4980000, 0x0000000100000000)
  eden space 23552K, 97% used [0x00000000f1880000,0x00000000f2f06e10,0x00000000f2f80000)
  from space 1536K, 98% used [0x00000000f2f80000,0x00000000f30fc020,0x00000000f3100000)
  to   space 1536K, 0% used [0x00000000f4800000,0x00000000f4800000,0x00000000f4980000)
 ParOldGen       total 29184K, used 16757K [0x00000000d4a00000, 0x00000000d6680000, 0x00000000f1880000)
  object space 29184K, 57% used [0x00000000d4a00000,0x00000000d5a5d710,0x00000000d6680000)
 PSPermGen       total 21504K, used 11876K [0x00000000cf800000, 0x00000000d0d00000, 0x00000000d4a00000)
  object space 21504K, 55% used [0x00000000cf800000,0x00000000d03990f0,0x00000000d0d00000)
Event: 3,814 GC heap after
Heap after GC invocations=4 (full 0):
 PSYoungGen      total 48640K, used 1520K [0x00000000f1880000, 0x00000000f4980000, 0x0000000100000000)
  eden space 47104K, 0% used [0x00000000f1880000,0x00000000f1880000,0x00000000f4680000)
  from space 1536K, 98% used [0x00000000f4800000,0x00000000f497c020,0x00000000f4980000)
  to   space 1536K, 0% used [0x00000000f4680000,0x00000000f4680000,0x00000000f4800000)
 ParOldGen       total 29184K, used 23647K [0x00000000d4a00000, 0x00000000d6680000, 0x00000000f1880000)
  object space 29184K, 81% used [0x00000000d4a00000,0x00000000d6117f30,0x00000000d6680000)
 PSPermGen       total 21504K, used 11876K [0x00000000cf800000, 0x00000000d0d00000, 0x00000000d4a00000)
  object space 21504K, 55% used [0x00000000cf800000,0x00000000d03990f0,0x00000000d0d00000)
}
Event: 3,814 GC heap before
{Heap before GC invocations=5 (full 1):
 PSYoungGen      total 48640K, used 1520K [0x00000000f1880000, 0x00000000f4980000, 0x0000000100000000)
  eden space 47104K, 0% used [0x00000000f1880000,0x00000000f1880000,0x00000000f4680000)
  from space 1536K, 98% used [0x00000000f4800000,0x00000000f497c020,0x00000000f4980000)
  to   space 1536K, 0% used [0x00000000f4680000,0x00000000f4680000,0x00000000f4800000)
 ParOldGen       total 29184K, used 23647K [0x00000000d4a00000, 0x00000000d6680000, 0x00000000f1880000)
  object space 29184K, 81% used [0x00000000d4a00000,0x00000000d6117f30,0x00000000d6680000)
 PSPermGen       total 21504K, used 11876K [0x00000000cf800000, 0x00000000d0d00000, 0x00000000d4a00000)
  object space 21504K, 55% used [0x00000000cf800000,0x00000000d03990f0,0x00000000d0d00000)
Event: 3,899 GC heap after
Heap after GC invocations=5 (full 1):
 PSYoungGen      total 48640K, used 0K [0x00000000f1880000, 0x00000000f4980000, 0x0000000100000000)
  eden space 47104K, 0% used [0x00000000f1880000,0x00000000f1880000,0x00000000f4680000)
  from space 1536K, 0% used [0x00000000f4800000,0x00000000f4800000,0x00000000f4980000)
  to   space 1536K, 0% used [0x00000000f4680000,0x00000000f4680000,0x00000000f4800000)
 ParOldGen       total 33792K, used 7417K [0x00000000d4a00000, 0x00000000d6b00000, 0x00000000f1880000)
  object space 33792K, 21% used [0x00000000d4a00000,0x00000000d513e490,0x00000000d6b00000)
 PSPermGen       total 24064K, used 11873K [0x00000000cf800000, 0x00000000d0f80000, 0x00000000d4a00000)
  object space 24064K, 49% used [0x00000000cf800000,0x00000000d03986d8,0x00000000d0f80000)
}

