# JRE version: 6.0_31-b31
# Java VM: OpenJDK 64-Bit Server VM (23.25-b01 mixed mode linux-amd64 compressed oops)
Heap
 PSYoungGen      total 197312K, used 47932K [0x00000000f18b0000, 0x0000000100000000, 0x0000000100000000)
  eden space 179392K, 16% used [0x00000000f18b0000,0x00000000f3607270,0x00000000fc7e0000)
  from space 17920K, 99% used [0x00000000fc7e0000,0x00000000fd958000,0x00000000fd960000)
  to   space 29184K, 0% used [0x00000000fe380000,0x00000000fe380000,0x0000000100000000)
 ParOldGen       total 55936K, used 27721K [0x00000000d4a00000, 0x00000000d80a0000, 0x00000000f18b0000)
  object space 55936K, 49% used [0x00000000d4a00000,0x00000000d6512778,0x00000000d80a0000)
 PSPermGen       total 30784K, used 13694K [0x00000000ca400000, 0x00000000cc210000, 0x00000000d4a00000)
  object space 30784K, 44% used [0x00000000ca400000,0x00000000cb15f808,0x00000000cc210000)
GC Heap History (10 events):
Event: 41.509 GC heap before
{Heap before GC invocations=15 (full 1):
 PSYoungGen      total 221696K, used 221696K [0x00000000f18b0000, 0x0000000100000000, 0x0000000100000000)
  eden space 206528K, 100% used [0x00000000f18b0000,0x00000000fe260000,0x00000000fe260000)
  from space 15168K, 100% used [0x00000000fe260000,0x00000000ff130000,0x00000000ff130000)
  to   space 15168K, 0% used [0x00000000ff130000,0x00000000ff130000,0x0000000100000000)
 ParOldGen       total 39936K, used 28312K [0x00000000d4a00000, 0x00000000d7100000, 0x00000000f18b0000)
  object space 39936K, 70% used [0x00000000d4a00000,0x00000000d65a61e0,0x00000000d7100000)
 PSPermGen       total 27584K, used 13664K [0x00000000ca400000, 0x00000000cbef0000, 0x00000000d4a00000)
  object space 27584K, 49% used [0x00000000ca400000,0x00000000cb1580c8,0x00000000cbef0000)
Event: 41.710 GC heap after
Heap after GC invocations=15 (full 1):
 PSYoungGen      total 198528K, used 15168K [0x00000000f18b0000, 0x0000000100000000, 0x0000000100000000)
  eden space 183360K, 0% used [0x00000000f18b0000,0x00000000f18b0000,0x00000000fcbc0000)
  from space 15168K, 100% used [0x00000000ff130000,0x0000000100000000,0x0000000100000000)
  to   space 26752K, 0% used [0x00000000fcbc0000,0x00000000fcbc0000,0x00000000fe5e0000)
 ParOldGen       total 42624K, used 42440K [0x00000000d4a00000, 0x00000000d73a0000, 0x00000000f18b0000)
  object space 42624K, 99% used [0x00000000d4a00000,0x00000000d73721e0,0x00000000d73a0000)
 PSPermGen       total 27584K, used 13664K [0x00000000ca400000, 0x00000000cbef0000, 0x00000000d4a00000)
  object space 27584K, 49% used [0x00000000ca400000,0x00000000cb1580c8,0x00000000cbef0000)
}
Event: 41.710 GC heap before
{Heap before GC invocations=16 (full 2):
 PSYoungGen      total 198528K, used 15168K [0x00000000f18b0000, 0x0000000100000000, 0x0000000100000000)
  eden space 183360K, 0% used [0x00000000f18b0000,0x00000000f18b0000,0x00000000fcbc0000)
  from space 15168K, 100% used [0x00000000ff130000,0x0000000100000000,0x0000000100000000)
  to   space 26752K, 0% used [0x00000000fcbc0000,0x00000000fcbc0000,0x00000000fe5e0000)
 ParOldGen       total 42624K, used 42440K [0x00000000d4a00000, 0x00000000d73a0000, 0x00000000f18b0000)
  object space 42624K, 99% used [0x00000000d4a00000,0x00000000d73721e0,0x00000000d73a0000)
 PSPermGen       total 27584K, used 13664K [0x00000000ca400000, 0x00000000cbef0000, 0x00000000d4a00000)
  object space 27584K, 49% used [0x00000000ca400000,0x00000000cb1580c8,0x00000000cbef0000)
Event: 41.886 GC heap after
Heap after GC invocations=16 (full 2):
 PSYoungGen      total 198528K, used 0K [0x00000000f18b0000, 0x0000000100000000, 0x0000000100000000)
  eden space 183360K, 0% used [0x00000000f18b0000,0x00000000f18b0000,0x00000000fcbc0000)
  from space 15168K, 0% used [0x00000000ff130000,0x00000000ff130000,0x0000000100000000)
  to   space 26752K, 0% used [0x00000000fcbc0000,0x00000000fcbc0000,0x00000000fe5e0000)
 ParOldGen       total 55936K, used 27689K [0x00000000d4a00000, 0x00000000d80a0000, 0x00000000f18b0000)
  object space 55936K, 49% used [0x00000000d4a00000,0x00000000d650a778,0x00000000d80a0000)
 PSPermGen       total 30784K, used 13664K [0x00000000ca400000, 0x00000000cc210000, 0x00000000d4a00000)
  object space 30784K, 44% used [0x00000000ca400000,0x00000000cb1580c8,0x00000000cc210000)
}
Event: 48.059 GC heap before
{Heap before GC invocations=17 (full 2):
 PSYoungGen      total 198528K, used 183360K [0x00000000f18b0000, 0x0000000100000000, 0x0000000100000000)
  eden space 183360K, 100% used [0x00000000f18b0000,0x00000000fcbc0000,0x00000000fcbc0000)
  from space 15168K, 0% used [0x00000000ff130000,0x00000000ff130000,0x0000000100000000)
  to   space 26752K, 0% used [0x00000000fcbc0000,0x00000000fcbc0000,0x00000000fe5e0000)
 ParOldGen       total 55936K, used 27689K [0x00000000d4a00000, 0x00000000d80a0000, 0x00000000f18b0000)
  object space 55936K, 49% used [0x00000000d4a00000,0x00000000d650a778,0x00000000d80a0000)
 PSPermGen       total 30784K, used 13671K [0x00000000ca400000, 0x00000000cc210000, 0x00000000d4a00000)
  object space 30784K, 44% used [0x00000000ca400000,0x00000000cb159c60,0x00000000cc210000)
Event: 48.209 GC heap after
Heap after GC invocations=17 (full 2):
 PSYoungGen      total 201856K, used 18496K [0x00000000f18b0000, 0x0000000100000000, 0x0000000100000000)
  eden space 183360K, 0% used [0x00000000f18b0000,0x00000000f18b0000,0x00000000fcbc0000)
  from space 18496K, 100% used [0x00000000fcbc0000,0x00000000fddd0000,0x00000000fddd0000)
  to   space 28032K, 0% used [0x00000000fe4a0000,0x00000000fe4a0000,0x0000000100000000)
 ParOldGen       total 55936K, used 27689K [0x00000000d4a00000, 0x00000000d80a0000, 0x00000000f18b0000)
  object space 55936K, 49% used [0x00000000d4a00000,0x00000000d650a778,0x00000000d80a0000)
 PSPermGen       total 30784K, used 13671K [0x00000000ca400000, 0x00000000cc210000, 0x00000000d4a00000)
  object space 30784K, 44% used [0x00000000ca400000,0x00000000cb159c60,0x00000000cc210000)
}
Event: 53.811 GC heap before
{Heap before GC invocations=18 (full 2):
 PSYoungGen      total 201856K, used 201856K [0x00000000f18b0000, 0x0000000100000000, 0x0000000100000000)
  eden space 183360K, 100% used [0x00000000f18b0000,0x00000000fcbc0000,0x00000000fcbc0000)
  from space 18496K, 100% used [0x00000000fcbc0000,0x00000000fddd0000,0x00000000fddd0000)
  to   space 28032K, 0% used [0x00000000fe4a0000,0x00000000fe4a0000,0x0000000100000000)
 ParOldGen       total 55936K, used 27689K [0x00000000d4a00000, 0x00000000d80a0000, 0x00000000f18b0000)
  object space 55936K, 49% used [0x00000000d4a00000,0x00000000d650a778,0x00000000d80a0000)
 PSPermGen       total 30784K, used 13676K [0x00000000ca400000, 0x00000000cc210000, 0x00000000d4a00000)
  object space 30784K, 44% used [0x00000000ca400000,0x00000000cb15b1b8,0x00000000cc210000)
Event: 53.980 GC heap after
Heap after GC invocations=18 (full 2):
 PSYoungGen      total 207424K, used 17856K [0x00000000f18b0000, 0x0000000100000000, 0x0000000100000000)
  eden space 179392K, 0% used [0x00000000f18b0000,0x00000000f18b0000,0x00000000fc7e0000)
  from space 28032K, 63% used [0x00000000fe4a0000,0x00000000ff610000,0x0000000100000000)
  to   space 28736K, 0% used [0x00000000fc7e0000,0x00000000fc7e0000,0x00000000fe3f0000)
 ParOldGen       total 55936K, used 27705K [0x00000000d4a00000, 0x00000000d80a0000, 0x00000000f18b0000)
  object space 55936K, 49% used [0x00000000d4a00000,0x00000000d650e778,0x00000000d80a0000)
 PSPermGen       total 30784K, used 13676K [0x00000000ca400000, 0x00000000cc210000, 0x00000000d4a00000)
  object space 30784K, 44% used [0x00000000ca400000,0x00000000cb15b1b8,0x00000000cc210000)
}
Event: 60.221 GC heap before
{Heap before GC invocations=19 (full 2):
 PSYoungGen      total 207424K, used 197248K [0x00000000f18b0000, 0x0000000100000000, 0x0000000100000000)
  eden space 179392K, 100% used [0x00000000f18b0000,0x00000000fc7e0000,0x00000000fc7e0000)
  from space 28032K, 63% used [0x00000000fe4a0000,0x00000000ff610000,0x0000000100000000)
  to   space 28736K, 0% used [0x00000000fc7e0000,0x00000000fc7e0000,0x00000000fe3f0000)
 ParOldGen       total 55936K, used 27705K [0x00000000d4a00000, 0x00000000d80a0000, 0x00000000f18b0000)
  object space 55936K, 49% used [0x00000000d4a00000,0x00000000d650e778,0x00000000d80a0000)
 PSPermGen       total 30784K, used 13678K [0x00000000ca400000, 0x00000000cc210000, 0x00000000d4a00000)
  object space 30784K, 44% used [0x00000000ca400000,0x00000000cb15ba30,0x00000000cc210000)
Event: 60.375 GC heap after
Heap after GC invocations=19 (full 2):
 PSYoungGen      total 197312K, used 17888K [0x00000000f18b0000, 0x0000000100000000, 0x0000000100000000)
  eden space 179392K, 0% used [0x00000000f18b0000,0x00000000f18b0000,0x00000000fc7e0000)
  from space 17920K, 99% used [0x00000000fc7e0000,0x00000000fd958000,0x00000000fd960000)
  to   space 29184K, 0% used [0x00000000fe380000,0x00000000fe380000,0x0000000100000000)
 ParOldGen       total 55936K, used 27721K [0x00000000d4a00000, 0x00000000d80a0000, 0x00000000f18b0000)
  object space 55936K, 49% used [0x00000000d4a00000,0x00000000d6512778,0x00000000d80a0000)
 PSPermGen       total 30784K, used 13678K [0x00000000ca400000, 0x00000000cc210000, 0x00000000d4a00000)
  object space 30784K, 44% used [0x00000000ca400000,0x00000000cb15ba30,0x00000000cc210000)
}

