# JRE version: 6.0_31-b31
# Java VM: OpenJDK 64-Bit Server VM (23.25-b01 mixed mode linux-amd64 compressed oops)
Heap
 PSYoungGen      total 213120K, used 74723K [0x00000000f18b0000, 0x0000000100000000, 0x0000000100000000)
  eden space 197056K, 29% used [0x00000000f18b0000,0x00000000f51f8d28,0x00000000fd920000)
  from space 16064K, 100% used [0x00000000ff050000,0x0000000100000000,0x0000000100000000)
  to   space 19904K, 0% used [0x00000000fd920000,0x00000000fd920000,0x00000000fec90000)
 ParOldGen       total 35584K, used 21380K [0x00000000d4a00000, 0x00000000d6cc0000, 0x00000000f18b0000)
  object space 35584K, 60% used [0x00000000d4a00000,0x00000000d5ee12c8,0x00000000d6cc0000)
 PSPermGen       total 27584K, used 13695K [0x00000000ca400000, 0x00000000cbef0000, 0x00000000d4a00000)
  object space 27584K, 49% used [0x00000000ca400000,0x00000000cb15ff08,0x00000000cbef0000)
GC Heap History (10 events):
Event: 12.382 GC heap before
{Heap before GC invocations=7 (full 0):
 PSYoungGen      total 97856K, used 95124K [0x00000000f18b0000, 0x00000000f8070000, 0x0000000100000000)
  eden space 89600K, 100% used [0x00000000f18b0000,0x00000000f7030000,0x00000000f7030000)
  from space 8256K, 66% used [0x00000000f7860000,0x00000000f7dc5000,0x00000000f8070000)
  to   space 8320K, 0% used [0x00000000f7030000,0x00000000f7030000,0x00000000f7850000)
 ParOldGen       total 29568K, used 20158K [0x00000000d4a00000, 0x00000000d66e0000, 0x00000000f18b0000)
  object space 29568K, 68% used [0x00000000d4a00000,0x00000000d5dafae8,0x00000000d66e0000)
 PSPermGen       total 21248K, used 13649K [0x00000000ca400000, 0x00000000cb8c0000, 0x00000000d4a00000)
  object space 21248K, 64% used [0x00000000ca400000,0x00000000cb1545d0,0x00000000cb8c0000)
Event: 12.467 GC heap after
Heap after GC invocations=7 (full 0):
 PSYoungGen      total 97920K, used 8320K [0x00000000f18b0000, 0x00000000fdc90000, 0x0000000100000000)
  eden space 89600K, 0% used [0x00000000f18b0000,0x00000000f18b0000,0x00000000f7030000)
  from space 8320K, 100% used [0x00000000f7030000,0x00000000f7850000,0x00000000f7850000)
  to   space 10688K, 0% used [0x00000000fd220000,0x00000000fd220000,0x00000000fdc90000)
 ParOldGen       total 29568K, used 22285K [0x00000000d4a00000, 0x00000000d66e0000, 0x00000000f18b0000)
  object space 29568K, 75% used [0x00000000d4a00000,0x00000000d5fc3628,0x00000000d66e0000)
 PSPermGen       total 21248K, used 13649K [0x00000000ca400000, 0x00000000cb8c0000, 0x00000000d4a00000)
  object space 21248K, 64% used [0x00000000ca400000,0x00000000cb1545d0,0x00000000cb8c0000)
}
Event: 14.639 GC heap before
{Heap before GC invocations=8 (full 0):
 PSYoungGen      total 97920K, used 97920K [0x00000000f18b0000, 0x00000000fdc90000, 0x0000000100000000)
  eden space 89600K, 100% used [0x00000000f18b0000,0x00000000f7030000,0x00000000f7030000)
  from space 8320K, 100% used [0x00000000f7030000,0x00000000f7850000,0x00000000f7850000)
  to   space 10688K, 0% used [0x00000000fd220000,0x00000000fd220000,0x00000000fdc90000)
 ParOldGen       total 29568K, used 22285K [0x00000000d4a00000, 0x00000000d66e0000, 0x00000000f18b0000)
  object space 29568K, 75% used [0x00000000d4a00000,0x00000000d5fc3628,0x00000000d66e0000)
 PSPermGen       total 21248K, used 13656K [0x00000000ca400000, 0x00000000cb8c0000, 0x00000000d4a00000)
  object space 21248K, 64% used [0x00000000ca400000,0x00000000cb156250,0x00000000cb8c0000)
Event: 14.726 GC heap after
Heap after GC invocations=8 (full 0):
 PSYoungGen      total 187712K, used 10688K [0x00000000f18b0000, 0x00000000fe0d0000, 0x0000000100000000)
  eden space 177024K, 0% used [0x00000000f18b0000,0x00000000f18b0000,0x00000000fc590000)
  from space 10688K, 100% used [0x00000000fd220000,0x00000000fdc90000,0x00000000fdc90000)
  to   space 12864K, 0% used [0x00000000fc590000,0x00000000fc590000,0x00000000fd220000)
 ParOldGen       total 29568K, used 23385K [0x00000000d4a00000, 0x00000000d66e0000, 0x00000000f18b0000)
  object space 29568K, 79% used [0x00000000d4a00000,0x00000000d60d6478,0x00000000d66e0000)
 PSPermGen       total 21248K, used 13656K [0x00000000ca400000, 0x00000000cb8c0000, 0x00000000d4a00000)
  object space 21248K, 64% used [0x00000000ca400000,0x00000000cb156250,0x00000000cb8c0000)
}
Event: 14.726 GC heap before
{Heap before GC invocations=9 (full 1):
 PSYoungGen      total 187712K, used 10688K [0x00000000f18b0000, 0x00000000fe0d0000, 0x0000000100000000)
  eden space 177024K, 0% used [0x00000000f18b0000,0x00000000f18b0000,0x00000000fc590000)
  from space 10688K, 100% used [0x00000000fd220000,0x00000000fdc90000,0x00000000fdc90000)
  to   space 12864K, 0% used [0x00000000fc590000,0x00000000fc590000,0x00000000fd220000)
 ParOldGen       total 29568K, used 23385K [0x00000000d4a00000, 0x00000000d66e0000, 0x00000000f18b0000)
  object space 29568K, 79% used [0x00000000d4a00000,0x00000000d60d6478,0x00000000d66e0000)
 PSPermGen       total 21248K, used 13656K [0x00000000ca400000, 0x00000000cb8c0000, 0x00000000d4a00000)
  object space 21248K, 64% used [0x00000000ca400000,0x00000000cb156250,0x00000000cb8c0000)
Event: 14.894 GC heap after
Heap after GC invocations=9 (full 1):
 PSYoungGen      total 187712K, used 0K [0x00000000f18b0000, 0x00000000fe0d0000, 0x0000000100000000)
  eden space 177024K, 0% used [0x00000000f18b0000,0x00000000f18b0000,0x00000000fc590000)
  from space 10688K, 0% used [0x00000000fd220000,0x00000000fd220000,0x00000000fdc90000)
  to   space 12864K, 0% used [0x00000000fc590000,0x00000000fc590000,0x00000000fd220000)
 ParOldGen       total 35584K, used 14212K [0x00000000d4a00000, 0x00000000d6cc0000, 0x00000000f18b0000)
  object space 35584K, 39% used [0x00000000d4a00000,0x00000000d57e12c8,0x00000000d6cc0000)
 PSPermGen       total 27584K, used 13652K [0x00000000ca400000, 0x00000000cbef0000, 0x00000000d4a00000)
  object space 27584K, 49% used [0x00000000ca400000,0x00000000cb155008,0x00000000cbef0000)
}
Event: 19.292 GC heap before
{Heap before GC invocations=10 (full 1):
 PSYoungGen      total 187712K, used 177024K [0x00000000f18b0000, 0x00000000fe0d0000, 0x0000000100000000)
  eden space 177024K, 100% used [0x00000000f18b0000,0x00000000fc590000,0x00000000fc590000)
  from space 10688K, 0% used [0x00000000fd220000,0x00000000fd220000,0x00000000fdc90000)
  to   space 12864K, 0% used [0x00000000fc590000,0x00000000fc590000,0x00000000fd220000)
 ParOldGen       total 35584K, used 14212K [0x00000000d4a00000, 0x00000000d6cc0000, 0x00000000f18b0000)
  object space 35584K, 39% used [0x00000000d4a00000,0x00000000d57e12c8,0x00000000d6cc0000)
 PSPermGen       total 27584K, used 13664K [0x00000000ca400000, 0x00000000cbef0000, 0x00000000d4a00000)
  object space 27584K, 49% used [0x00000000ca400000,0x00000000cb158100,0x00000000cbef0000)
Event: 19.427 GC heap after
Heap after GC invocations=10 (full 1):
 PSYoungGen      total 189888K, used 12864K [0x00000000f18b0000, 0x0000000100000000, 0x0000000100000000)
  eden space 177024K, 0% used [0x00000000f18b0000,0x00000000f18b0000,0x00000000fc590000)
  from space 12864K, 100% used [0x00000000fc590000,0x00000000fd220000,0x00000000fd220000)
  to   space 16064K, 0% used [0x00000000ff050000,0x00000000ff050000,0x0000000100000000)
 ParOldGen       total 35584K, used 17388K [0x00000000d4a00000, 0x00000000d6cc0000, 0x00000000f18b0000)
  object space 35584K, 48% used [0x00000000d4a00000,0x00000000d5afb2c8,0x00000000d6cc0000)
 PSPermGen       total 27584K, used 13664K [0x00000000ca400000, 0x00000000cbef0000, 0x00000000d4a00000)
  object space 27584K, 49% used [0x00000000ca400000,0x00000000cb158100,0x00000000cbef0000)
}
Event: 24.233 GC heap before
{Heap before GC invocations=11 (full 1):
 PSYoungGen      total 189888K, used 189888K [0x00000000f18b0000, 0x0000000100000000, 0x0000000100000000)
  eden space 177024K, 100% used [0x00000000f18b0000,0x00000000fc590000,0x00000000fc590000)
  from space 12864K, 100% used [0x00000000fc590000,0x00000000fd220000,0x00000000fd220000)
  to   space 16064K, 0% used [0x00000000ff050000,0x00000000ff050000,0x0000000100000000)
 ParOldGen       total 35584K, used 17388K [0x00000000d4a00000, 0x00000000d6cc0000, 0x00000000f18b0000)
  object space 35584K, 48% used [0x00000000d4a00000,0x00000000d5afb2c8,0x00000000d6cc0000)
 PSPermGen       total 27584K, used 13671K [0x00000000ca400000, 0x00000000cbef0000, 0x00000000d4a00000)
  object space 27584K, 49% used [0x00000000ca400000,0x00000000cb159fc8,0x00000000cbef0000)
Event: 24.392 GC heap after
Heap after GC invocations=11 (full 1):
 PSYoungGen      total 213120K, used 16064K [0x00000000f18b0000, 0x0000000100000000, 0x0000000100000000)
  eden space 197056K, 0% used [0x00000000f18b0000,0x00000000f18b0000,0x00000000fd920000)
  from space 16064K, 100% used [0x00000000ff050000,0x0000000100000000,0x0000000100000000)
  to   space 19904K, 0% used [0x00000000fd920000,0x00000000fd920000,0x00000000fec90000)
 ParOldGen       total 35584K, used 21380K [0x00000000d4a00000, 0x00000000d6cc0000, 0x00000000f18b0000)
  object space 35584K, 60% used [0x00000000d4a00000,0x00000000d5ee12c8,0x00000000d6cc0000)
 PSPermGen       total 27584K, used 13671K [0x00000000ca400000, 0x00000000cbef0000, 0x00000000d4a00000)
  object space 27584K, 49% used [0x00000000ca400000,0x00000000cb159fc8,0x00000000cbef0000)
}

