# JRE version: 6.0_31-b31
# Java VM: OpenJDK 64-Bit Server VM (23.25-b01 mixed mode linux-amd64 compressed oops)
Heap
 PSYoungGen      total 207232K, used 196192K [0x00000000f18b0000, 0x0000000100000000, 0x0000000100000000)
  eden space 178112K, 100% used [0x00000000f18b0000,0x00000000fc6a0000,0x00000000fc6a0000)
  from space 29120K, 62% used [0x00000000fe390000,0x00000000ff538000,0x0000000100000000)
  to   space 29376K, 0% used [0x00000000fc6a0000,0x00000000fc6a0000,0x00000000fe350000)
 ParOldGen       total 51520K, used 26996K [0x00000000d4a00000, 0x00000000d7c50000, 0x00000000f18b0000)
  object space 51520K, 52% used [0x00000000d4a00000,0x00000000d645d0c0,0x00000000d7c50000)
 PSPermGen       total 30784K, used 13714K [0x00000000ca400000, 0x00000000cc210000, 0x00000000d4a00000)
  object space 30784K, 44% used [0x00000000ca400000,0x00000000cb164970,0x00000000cc210000)
GC Heap History (10 events):
Event: 53.335 GC heap before
{Heap before GC invocations=16 (full 2):
 PSYoungGen      total 202432K, used 17024K [0x00000000f18b0000, 0x0000000100000000, 0x0000000100000000)
  eden space 185408K, 0% used [0x00000000f18b0000,0x00000000f18b0000,0x00000000fcdc0000)
  from space 17024K, 100% used [0x00000000fef60000,0x0000000100000000,0x0000000100000000)
  to   space 25728K, 0% used [0x00000000fcdc0000,0x00000000fcdc0000,0x00000000fe6e0000)
 ParOldGen       total 40960K, used 32607K [0x00000000d4a00000, 0x00000000d7200000, 0x00000000f18b0000)
  object space 40960K, 79% used [0x00000000d4a00000,0x00000000d69d7ec0,0x00000000d7200000)
 PSPermGen       total 27584K, used 13667K [0x00000000ca400000, 0x00000000cbef0000, 0x00000000d4a00000)
  object space 27584K, 49% used [0x00000000ca400000,0x00000000cb158ee8,0x00000000cbef0000)
Event: 53.500 GC heap after
Heap after GC invocations=16 (full 2):
 PSYoungGen      total 202432K, used 0K [0x00000000f18b0000, 0x0000000100000000, 0x0000000100000000)
  eden space 185408K, 0% used [0x00000000f18b0000,0x00000000f18b0000,0x00000000fcdc0000)
  from space 17024K, 0% used [0x00000000fef60000,0x00000000fef60000,0x0000000100000000)
  to   space 25728K, 0% used [0x00000000fcdc0000,0x00000000fcdc0000,0x00000000fe6e0000)
 ParOldGen       total 51520K, used 26972K [0x00000000d4a00000, 0x00000000d7c50000, 0x00000000f18b0000)
  object space 51520K, 52% used [0x00000000d4a00000,0x00000000d64570c0,0x00000000d7c50000)
 PSPermGen       total 30784K, used 13667K [0x00000000ca400000, 0x00000000cc210000, 0x00000000d4a00000)
  object space 30784K, 44% used [0x00000000ca400000,0x00000000cb158ec8,0x00000000cc210000)
}
Event: 60.381 GC heap before
{Heap before GC invocations=17 (full 2):
 PSYoungGen      total 202432K, used 185408K [0x00000000f18b0000, 0x0000000100000000, 0x0000000100000000)
  eden space 185408K, 100% used [0x00000000f18b0000,0x00000000fcdc0000,0x00000000fcdc0000)
  from space 17024K, 0% used [0x00000000fef60000,0x00000000fef60000,0x0000000100000000)
  to   space 25728K, 0% used [0x00000000fcdc0000,0x00000000fcdc0000,0x00000000fe6e0000)
 ParOldGen       total 51520K, used 26972K [0x00000000d4a00000, 0x00000000d7c50000, 0x00000000f18b0000)
  object space 51520K, 52% used [0x00000000d4a00000,0x00000000d64570c0,0x00000000d7c50000)
 PSPermGen       total 30784K, used 13671K [0x00000000ca400000, 0x00000000cc210000, 0x00000000d4a00000)
  object space 30784K, 44% used [0x00000000ca400000,0x00000000cb159d38,0x00000000cc210000)
Event: 60.538 GC heap after
Heap after GC invocations=17 (full 2):
 PSYoungGen      total 203968K, used 18560K [0x00000000f18b0000, 0x0000000100000000, 0x0000000100000000)
  eden space 185408K, 0% used [0x00000000f18b0000,0x00000000f18b0000,0x00000000fcdc0000)
  from space 18560K, 100% used [0x00000000fcdc0000,0x00000000fdfe0000,0x00000000fdfe0000)
  to   space 27136K, 0% used [0x00000000fe580000,0x00000000fe580000,0x0000000100000000)
 ParOldGen       total 51520K, used 26972K [0x00000000d4a00000, 0x00000000d7c50000, 0x00000000f18b0000)
  object space 51520K, 52% used [0x00000000d4a00000,0x00000000d64570c0,0x00000000d7c50000)
 PSPermGen       total 30784K, used 13671K [0x00000000ca400000, 0x00000000cc210000, 0x00000000d4a00000)
  object space 30784K, 44% used [0x00000000ca400000,0x00000000cb159d38,0x00000000cc210000)
}
Event: 67.984 GC heap before
{Heap before GC invocations=18 (full 2):
 PSYoungGen      total 203968K, used 203968K [0x00000000f18b0000, 0x0000000100000000, 0x0000000100000000)
  eden space 185408K, 100% used [0x00000000f18b0000,0x00000000fcdc0000,0x00000000fcdc0000)
  from space 18560K, 100% used [0x00000000fcdc0000,0x00000000fdfe0000,0x00000000fdfe0000)
  to   space 27136K, 0% used [0x00000000fe580000,0x00000000fe580000,0x0000000100000000)
 ParOldGen       total 51520K, used 26972K [0x00000000d4a00000, 0x00000000d7c50000, 0x00000000f18b0000)
  object space 51520K, 52% used [0x00000000d4a00000,0x00000000d64570c0,0x00000000d7c50000)
 PSPermGen       total 30784K, used 13672K [0x00000000ca400000, 0x00000000cc210000, 0x00000000d4a00000)
  object space 30784K, 44% used [0x00000000ca400000,0x00000000cb15a2e0,0x00000000cc210000)
Event: 68.130 GC heap after
Heap after GC invocations=18 (full 2):
 PSYoungGen      total 207168K, used 19072K [0x00000000f18b0000, 0x0000000100000000, 0x0000000100000000)
  eden space 180032K, 0% used [0x00000000f18b0000,0x00000000f18b0000,0x00000000fc880000)
  from space 27136K, 70% used [0x00000000fe580000,0x00000000ff820000,0x0000000100000000)
  to   space 28416K, 0% used [0x00000000fc880000,0x00000000fc880000,0x00000000fe440000)
 ParOldGen       total 51520K, used 26980K [0x00000000d4a00000, 0x00000000d7c50000, 0x00000000f18b0000)
  object space 51520K, 52% used [0x00000000d4a00000,0x00000000d64590c0,0x00000000d7c50000)
 PSPermGen       total 30784K, used 13672K [0x00000000ca400000, 0x00000000cc210000, 0x00000000d4a00000)
  object space 30784K, 44% used [0x00000000ca400000,0x00000000cb15a2e0,0x00000000cc210000)
}
Event: 75.752 GC heap before
{Heap before GC invocations=19 (full 2):
 PSYoungGen      total 207168K, used 199104K [0x00000000f18b0000, 0x0000000100000000, 0x0000000100000000)
  eden space 180032K, 100% used [0x00000000f18b0000,0x00000000fc880000,0x00000000fc880000)
  from space 27136K, 70% used [0x00000000fe580000,0x00000000ff820000,0x0000000100000000)
  to   space 28416K, 0% used [0x00000000fc880000,0x00000000fc880000,0x00000000fe440000)
 ParOldGen       total 51520K, used 26980K [0x00000000d4a00000, 0x00000000d7c50000, 0x00000000f18b0000)
  object space 51520K, 52% used [0x00000000d4a00000,0x00000000d64590c0,0x00000000d7c50000)
 PSPermGen       total 30784K, used 13690K [0x00000000ca400000, 0x00000000cc210000, 0x00000000d4a00000)
  object space 30784K, 44% used [0x00000000ca400000,0x00000000cb15e890,0x00000000cc210000)
Event: 75.935 GC heap after
Heap after GC invocations=19 (full 2):
 PSYoungGen      total 198528K, used 18464K [0x00000000f18b0000, 0x0000000100000000, 0x0000000100000000)
  eden space 180032K, 0% used [0x00000000f18b0000,0x00000000f18b0000,0x00000000fc880000)
  from space 18496K, 99% used [0x00000000fc880000,0x00000000fda88000,0x00000000fda90000)
  to   space 29120K, 0% used [0x00000000fe390000,0x00000000fe390000,0x0000000100000000)
 ParOldGen       total 51520K, used 26988K [0x00000000d4a00000, 0x00000000d7c50000, 0x00000000f18b0000)
  object space 51520K, 52% used [0x00000000d4a00000,0x00000000d645b0c0,0x00000000d7c50000)
 PSPermGen       total 30784K, used 13690K [0x00000000ca400000, 0x00000000cc210000, 0x00000000d4a00000)
  object space 30784K, 44% used [0x00000000ca400000,0x00000000cb15e890,0x00000000cc210000)
}
Event: 83.651 GC heap before
{Heap before GC invocations=20 (full 2):
 PSYoungGen      total 198528K, used 198496K [0x00000000f18b0000, 0x0000000100000000, 0x0000000100000000)
  eden space 180032K, 100% used [0x00000000f18b0000,0x00000000fc880000,0x00000000fc880000)
  from space 18496K, 99% used [0x00000000fc880000,0x00000000fda88000,0x00000000fda90000)
  to   space 29120K, 0% used [0x00000000fe390000,0x00000000fe390000,0x0000000100000000)
 ParOldGen       total 51520K, used 26988K [0x00000000d4a00000, 0x00000000d7c50000, 0x00000000f18b0000)
  object space 51520K, 52% used [0x00000000d4a00000,0x00000000d645b0c0,0x00000000d7c50000)
 PSPermGen       total 30784K, used 13697K [0x00000000ca400000, 0x00000000cc210000, 0x00000000d4a00000)
  object space 30784K, 44% used [0x00000000ca400000,0x00000000cb160470,0x00000000cc210000)
Event: 83.853 GC heap after
Heap after GC invocations=20 (full 2):
 PSYoungGen      total 207232K, used 18080K [0x00000000f18b0000, 0x0000000100000000, 0x0000000100000000)
  eden space 178112K, 0% used [0x00000000f18b0000,0x00000000f18b0000,0x00000000fc6a0000)
  from space 29120K, 62% used [0x00000000fe390000,0x00000000ff538000,0x0000000100000000)
  to   space 29376K, 0% used [0x00000000fc6a0000,0x00000000fc6a0000,0x00000000fe350000)
 ParOldGen       total 51520K, used 26996K [0x00000000d4a00000, 0x00000000d7c50000, 0x00000000f18b0000)
  object space 51520K, 52% used [0x00000000d4a00000,0x00000000d645d0c0,0x00000000d7c50000)
 PSPermGen       total 30784K, used 13697K [0x00000000ca400000, 0x00000000cc210000, 0x00000000d4a00000)
  object space 30784K, 44% used [0x00000000ca400000,0x00000000cb160470,0x00000000cc210000)
}

