# JRE version: Java(TM) SE Runtime Environment (7.0_51-b13) (build 1.7.0_51-b13)
# Java VM: Java HotSpot(TM) 64-Bit Server VM (24.51-b03 mixed mode linux-amd64 compressed oops)
Heap
 PSYoungGen      total 48640K, used 37453K [0x00000000f1880000, 0x00000000f9b80000, 0x0000000100000000)
  eden space 47104K, 79% used [0x00000000f1880000,0x00000000f3d13660,0x00000000f4680000)
  from space 1536K, 0% used [0x00000000f4680000,0x00000000f4680000,0x00000000f4800000)
  to   space 19968K, 0% used [0x00000000f8800000,0x00000000f8800000,0x00000000f9b80000)
 ParOldGen       total 59904K, used 23420K [0x00000000d4a00000, 0x00000000d8480000, 0x00000000f1880000)
  object space 59904K, 39% used [0x00000000d4a00000,0x00000000d60df338,0x00000000d8480000)
 PSPermGen       total 24576K, used 12153K [0x00000000cf800000, 0x00000000d1000000, 0x00000000d4a00000)
  object space 24576K, 49% used [0x00000000cf800000,0x00000000d03de5d0,0x00000000d1000000)
GC Heap History (10 events):
Event: 1,806 GC heap before
{Heap before GC invocations=2 (full 0):
 PSYoungGen      total 13312K, used 13284K [0x00000000f1880000, 0x00000000f3280000, 0x0000000100000000)
  eden space 11776K, 100% used [0x00000000f1880000,0x00000000f2400000,0x00000000f2400000)
  from space 1536K, 98% used [0x00000000f2400000,0x00000000f2579050,0x00000000f2580000)
  to   space 1536K, 0% used [0x00000000f3100000,0x00000000f3100000,0x00000000f3280000)
 ParOldGen       total 29184K, used 2502K [0x00000000d4a00000, 0x00000000d6680000, 0x00000000f1880000)
  object space 29184K, 8% used [0x00000000d4a00000,0x00000000d4c71ae8,0x00000000d6680000)
 PSPermGen       total 21504K, used 11193K [0x00000000cf800000, 0x00000000d0d00000, 0x00000000d4a00000)
  object space 21504K, 52% used [0x00000000cf800000,0x00000000d02ee7e0,0x00000000d0d00000)
Event: 1,827 GC heap after
Heap after GC invocations=2 (full 0):
 PSYoungGen      total 25088K, used 1525K [0x00000000f1880000, 0x00000000f3280000, 0x0000000100000000)
  eden space 23552K, 0% used [0x00000000f1880000,0x00000000f1880000,0x00000000f2f80000)
  from space 1536K, 99% used [0x00000000f3100000,0x00000000f327d450,0x00000000f3280000)
  to   space 1536K, 0% used [0x00000000f2f80000,0x00000000f2f80000,0x00000000f3100000)
 ParOldGen       total 29184K, used 9693K [0x00000000d4a00000, 0x00000000d6680000, 0x00000000f1880000)
  object space 29184K, 33% used [0x00000000d4a00000,0x00000000d5377628,0x00000000d6680000)
 PSPermGen       total 21504K, used 11193K [0x00000000cf800000, 0x00000000d0d00000, 0x00000000d4a00000)
  object space 21504K, 52% used [0x00000000cf800000,0x00000000d02ee7e0,0x00000000d0d00000)
}
Event: 3,096 GC heap before
{Heap before GC invocations=3 (full 0):
 PSYoungGen      total 25088K, used 24671K [0x00000000f1880000, 0x00000000f3280000, 0x0000000100000000)
  eden space 23552K, 98% used [0x00000000f1880000,0x00000000f2f1ab10,0x00000000f2f80000)
  from space 1536K, 99% used [0x00000000f3100000,0x00000000f327d450,0x00000000f3280000)
  to   space 1536K, 0% used [0x00000000f2f80000,0x00000000f2f80000,0x00000000f3100000)
 ParOldGen       total 29184K, used 9693K [0x00000000d4a00000, 0x00000000d6680000, 0x00000000f1880000)
  object space 29184K, 33% used [0x00000000d4a00000,0x00000000d5377628,0x00000000d6680000)
 PSPermGen       total 21504K, used 11866K [0x00000000cf800000, 0x00000000d0d00000, 0x00000000d4a00000)
  object space 21504K, 55% used [0x00000000cf800000,0x00000000d0396850,0x00000000d0d00000)
Event: 3,118 GC heap after
Heap after GC invocations=3 (full 0):
 PSYoungGen      total 25088K, used 1509K [0x00000000f1880000, 0x00000000f4980000, 0x0000000100000000)
  eden space 23552K, 0% used [0x00000000f1880000,0x00000000f1880000,0x00000000f2f80000)
  from space 1536K, 98% used [0x00000000f2f80000,0x00000000f30f9450,0x00000000f3100000)
  to   space 1536K, 0% used [0x00000000f4800000,0x00000000f4800000,0x00000000f4980000)
 ParOldGen       total 29184K, used 13631K [0x00000000d4a00000, 0x00000000d6680000, 0x00000000f1880000)
  object space 29184K, 46% used [0x00000000d4a00000,0x00000000d574fe10,0x00000000d6680000)
 PSPermGen       total 21504K, used 11866K [0x00000000cf800000, 0x00000000d0d00000, 0x00000000d4a00000)
  object space 21504K, 55% used [0x00000000cf800000,0x00000000d0396850,0x00000000d0d00000)
}
Event: 3,692 GC heap before
{Heap before GC invocations=4 (full 0):
 PSYoungGen      total 25088K, used 24611K [0x00000000f1880000, 0x00000000f4980000, 0x0000000100000000)
  eden space 23552K, 98% used [0x00000000f1880000,0x00000000f2f0f7d8,0x00000000f2f80000)
  from space 1536K, 98% used [0x00000000f2f80000,0x00000000f30f9450,0x00000000f3100000)
  to   space 1536K, 0% used [0x00000000f4800000,0x00000000f4800000,0x00000000f4980000)
 ParOldGen       total 29184K, used 13631K [0x00000000d4a00000, 0x00000000d6680000, 0x00000000f1880000)
  object space 29184K, 46% used [0x00000000d4a00000,0x00000000d574fe10,0x00000000d6680000)
 PSPermGen       total 21504K, used 11890K [0x00000000cf800000, 0x00000000d0d00000, 0x00000000d4a00000)
  object space 21504K, 55% used [0x00000000cf800000,0x00000000d039c870,0x00000000d0d00000)
Event: 3,714 GC heap after
Heap after GC invocations=4 (full 0):
 PSYoungGen      total 48640K, used 1384K [0x00000000f1880000, 0x00000000f4980000, 0x0000000100000000)
  eden space 47104K, 0% used [0x00000000f1880000,0x00000000f1880000,0x00000000f4680000)
  from space 1536K, 90% used [0x00000000f4800000,0x00000000f495a030,0x00000000f4980000)
  to   space 1536K, 0% used [0x00000000f4680000,0x00000000f4680000,0x00000000f4800000)
 ParOldGen       total 29184K, used 20430K [0x00000000d4a00000, 0x00000000d6680000, 0x00000000f1880000)
  object space 29184K, 70% used [0x00000000d4a00000,0x00000000d5df3990,0x00000000d6680000)
 PSPermGen       total 21504K, used 11890K [0x00000000cf800000, 0x00000000d0d00000, 0x00000000d4a00000)
  object space 21504K, 55% used [0x00000000cf800000,0x00000000d039c870,0x00000000d0d00000)
}
Event: 6,657 GC heap before
{Heap before GC invocations=5 (full 0):
 PSYoungGen      total 48640K, used 48488K [0x00000000f1880000, 0x00000000f4980000, 0x0000000100000000)
  eden space 47104K, 100% used [0x00000000f1880000,0x00000000f4680000,0x00000000f4680000)
  from space 1536K, 90% used [0x00000000f4800000,0x00000000f495a030,0x00000000f4980000)
  to   space 1536K, 0% used [0x00000000f4680000,0x00000000f4680000,0x00000000f4800000)
 ParOldGen       total 29184K, used 20430K [0x00000000d4a00000, 0x00000000d6680000, 0x00000000f1880000)
  object space 29184K, 70% used [0x00000000d4a00000,0x00000000d5df3990,0x00000000d6680000)
 PSPermGen       total 21504K, used 12149K [0x00000000cf800000, 0x00000000d0d00000, 0x00000000d4a00000)
  object space 21504K, 56% used [0x00000000cf800000,0x00000000d03dd568,0x00000000d0d00000)
Event: 6,777 GC heap after
Heap after GC invocations=5 (full 0):
 PSYoungGen      total 48640K, used 1522K [0x00000000f1880000, 0x00000000f9b80000, 0x0000000100000000)
  eden space 47104K, 0% used [0x00000000f1880000,0x00000000f1880000,0x00000000f4680000)
  from space 1536K, 99% used [0x00000000f4680000,0x00000000f47fc830,0x00000000f4800000)
  to   space 19968K, 0% used [0x00000000f8800000,0x00000000f8800000,0x00000000f9b80000)
 ParOldGen       total 40448K, used 40092K [0x00000000d4a00000, 0x00000000d7180000, 0x00000000f1880000)
  object space 40448K, 99% used [0x00000000d4a00000,0x00000000d7127270,0x00000000d7180000)
 PSPermGen       total 21504K, used 12149K [0x00000000cf800000, 0x00000000d0d00000, 0x00000000d4a00000)
  object space 21504K, 56% used [0x00000000cf800000,0x00000000d03dd568,0x00000000d0d00000)
}
Event: 6,777 GC heap before
{Heap before GC invocations=6 (full 1):
 PSYoungGen      total 48640K, used 1522K [0x00000000f1880000, 0x00000000f9b80000, 0x0000000100000000)
  eden space 47104K, 0% used [0x00000000f1880000,0x00000000f1880000,0x00000000f4680000)
  from space 1536K, 99% used [0x00000000f4680000,0x00000000f47fc830,0x00000000f4800000)
  to   space 19968K, 0% used [0x00000000f8800000,0x00000000f8800000,0x00000000f9b80000)
 ParOldGen       total 40448K, used 40092K [0x00000000d4a00000, 0x00000000d7180000, 0x00000000f1880000)
  object space 40448K, 99% used [0x00000000d4a00000,0x00000000d7127270,0x00000000d7180000)
 PSPermGen       total 21504K, used 12149K [0x00000000cf800000, 0x00000000d0d00000, 0x00000000d4a00000)
  object space 21504K, 56% used [0x00000000cf800000,0x00000000d03dd568,0x00000000d0d00000)
Event: 7,122 GC heap after
Heap after GC invocations=6 (full 1):
 PSYoungGen      total 48640K, used 0K [0x00000000f1880000, 0x00000000f9b80000, 0x0000000100000000)
  eden space 47104K, 0% used [0x00000000f1880000,0x00000000f1880000,0x00000000f4680000)
  from space 1536K, 0% used [0x00000000f4680000,0x00000000f4680000,0x00000000f4800000)
  to   space 19968K, 0% used [0x00000000f8800000,0x00000000f8800000,0x00000000f9b80000)
 ParOldGen       total 59904K, used 23420K [0x00000000d4a00000, 0x00000000d8480000, 0x00000000f1880000)
  object space 59904K, 39% used [0x00000000d4a00000,0x00000000d60df338,0x00000000d8480000)
 PSPermGen       total 24576K, used 12145K [0x00000000cf800000, 0x00000000d1000000, 0x00000000d4a00000)
  object space 24576K, 49% used [0x00000000cf800000,0x00000000d03dc718,0x00000000d1000000)
}

