# JRE version: Java(TM) SE Runtime Environment (7.0_51-b13) (build 1.7.0_51-b13)
# Java VM: Java HotSpot(TM) 64-Bit Server VM (24.51-b03 mixed mode linux-amd64 compressed oops)
Heap
 PSYoungGen      total 48640K, used 46898K [0x00000000f1880000, 0x00000000f4980000, 0x0000000100000000)
  eden space 47104K, 99% used [0x00000000f1880000,0x00000000f464ca18,0x00000000f4680000)
  from space 1536K, 0% used [0x00000000f4800000,0x00000000f4800000,0x00000000f4980000)
  to   space 1536K, 0% used [0x00000000f4680000,0x00000000f4680000,0x00000000f4800000)
 ParOldGen       total 34304K, used 3929K [0x00000000d4a00000, 0x00000000d6b80000, 0x00000000f1880000)
  object space 34304K, 11% used [0x00000000d4a00000,0x00000000d4dd6508,0x00000000d6b80000)
 PSPermGen       total 23040K, used 11504K [0x00000000cf800000, 0x00000000d0e80000, 0x00000000d4a00000)
  object space 23040K, 49% used [0x00000000cf800000,0x00000000d033c0e0,0x00000000d0e80000)
GC Heap History (10 events):
Event: 1,522 GC heap before
{Heap before GC invocations=1 (full 0):
 PSYoungGen      total 13312K, used 11766K [0x00000000f1880000, 0x00000000f2700000, 0x0000000100000000)
  eden space 11776K, 99% used [0x00000000f1880000,0x00000000f23fdb70,0x00000000f2400000)
  from space 1536K, 0% used [0x00000000f2580000,0x00000000f2580000,0x00000000f2700000)
  to   space 1536K, 0% used [0x00000000f2400000,0x00000000f2400000,0x00000000f2580000)
 ParOldGen       total 29184K, used 0K [0x00000000d4a00000, 0x00000000d6680000, 0x00000000f1880000)
  object space 29184K, 0% used [0x00000000d4a00000,0x00000000d4a00000,0x00000000d6680000)
 PSPermGen       total 21504K, used 10530K [0x00000000cf800000, 0x00000000d0d00000, 0x00000000d4a00000)
  object space 21504K, 48% used [0x00000000cf800000,0x00000000d0248ab0,0x00000000d0d00000)
Event: 1,550 GC heap after
Heap after GC invocations=1 (full 0):
 PSYoungGen      total 13312K, used 1522K [0x00000000f1880000, 0x00000000f3280000, 0x0000000100000000)
  eden space 11776K, 0% used [0x00000000f1880000,0x00000000f1880000,0x00000000f2400000)
  from space 1536K, 99% used [0x00000000f2400000,0x00000000f257c830,0x00000000f2580000)
  to   space 1536K, 0% used [0x00000000f3100000,0x00000000f3100000,0x00000000f3280000)
 ParOldGen       total 29184K, used 8608K [0x00000000d4a00000, 0x00000000d6680000, 0x00000000f1880000)
  object space 29184K, 29% used [0x00000000d4a00000,0x00000000d52682c0,0x00000000d6680000)
 PSPermGen       total 21504K, used 10530K [0x00000000cf800000, 0x00000000d0d00000, 0x00000000d4a00000)
  object space 21504K, 48% used [0x00000000cf800000,0x00000000d0248ab0,0x00000000d0d00000)
}
Event: 1,877 GC heap before
{Heap before GC invocations=2 (full 0):
 PSYoungGen      total 13312K, used 12841K [0x00000000f1880000, 0x00000000f3280000, 0x0000000100000000)
  eden space 11776K, 96% used [0x00000000f1880000,0x00000000f238dfc8,0x00000000f2400000)
  from space 1536K, 99% used [0x00000000f2400000,0x00000000f257c830,0x00000000f2580000)
  to   space 1536K, 0% used [0x00000000f3100000,0x00000000f3100000,0x00000000f3280000)
 ParOldGen       total 29184K, used 8608K [0x00000000d4a00000, 0x00000000d6680000, 0x00000000f1880000)
  object space 29184K, 29% used [0x00000000d4a00000,0x00000000d52682c0,0x00000000d6680000)
 PSPermGen       total 21504K, used 10535K [0x00000000cf800000, 0x00000000d0d00000, 0x00000000d4a00000)
  object space 21504K, 48% used [0x00000000cf800000,0x00000000d0249ff0,0x00000000d0d00000)
Event: 1,887 GC heap after
Heap after GC invocations=2 (full 0):
 PSYoungGen      total 25088K, used 1524K [0x00000000f1880000, 0x00000000f3280000, 0x0000000100000000)
  eden space 23552K, 0% used [0x00000000f1880000,0x00000000f1880000,0x00000000f2f80000)
  from space 1536K, 99% used [0x00000000f3100000,0x00000000f327d090,0x00000000f3280000)
  to   space 1536K, 0% used [0x00000000f2f80000,0x00000000f2f80000,0x00000000f3100000)
 ParOldGen       total 29184K, used 9964K [0x00000000d4a00000, 0x00000000d6680000, 0x00000000f1880000)
  object space 29184K, 34% used [0x00000000d4a00000,0x00000000d53bb2a0,0x00000000d6680000)
 PSPermGen       total 21504K, used 10535K [0x00000000cf800000, 0x00000000d0d00000, 0x00000000d4a00000)
  object space 21504K, 48% used [0x00000000cf800000,0x00000000d0249ff0,0x00000000d0d00000)
}
Event: 3,166 GC heap before
{Heap before GC invocations=3 (full 0):
 PSYoungGen      total 25088K, used 24768K [0x00000000f1880000, 0x00000000f3280000, 0x0000000100000000)
  eden space 23552K, 98% used [0x00000000f1880000,0x00000000f2f33070,0x00000000f2f80000)
  from space 1536K, 99% used [0x00000000f3100000,0x00000000f327d090,0x00000000f3280000)
  to   space 1536K, 0% used [0x00000000f2f80000,0x00000000f2f80000,0x00000000f3100000)
 ParOldGen       total 29184K, used 9964K [0x00000000d4a00000, 0x00000000d6680000, 0x00000000f1880000)
  object space 29184K, 34% used [0x00000000d4a00000,0x00000000d53bb2a0,0x00000000d6680000)
 PSPermGen       total 21504K, used 11214K [0x00000000cf800000, 0x00000000d0d00000, 0x00000000d4a00000)
  object space 21504K, 52% used [0x00000000cf800000,0x00000000d02f3b50,0x00000000d0d00000)
Event: 3,200 GC heap after
Heap after GC invocations=3 (full 0):
 PSYoungGen      total 25088K, used 1524K [0x00000000f1880000, 0x00000000f4980000, 0x0000000100000000)
  eden space 23552K, 0% used [0x00000000f1880000,0x00000000f1880000,0x00000000f2f80000)
  from space 1536K, 99% used [0x00000000f2f80000,0x00000000f30fd1a0,0x00000000f3100000)
  to   space 1536K, 0% used [0x00000000f4800000,0x00000000f4800000,0x00000000f4980000)
 ParOldGen       total 29184K, used 17601K [0x00000000d4a00000, 0x00000000d6680000, 0x00000000f1880000)
  object space 29184K, 60% used [0x00000000d4a00000,0x00000000d5b306a8,0x00000000d6680000)
 PSPermGen       total 21504K, used 11214K [0x00000000cf800000, 0x00000000d0d00000, 0x00000000d4a00000)
  object space 21504K, 52% used [0x00000000cf800000,0x00000000d02f3b50,0x00000000d0d00000)
}
Event: 4,370 GC heap before
{Heap before GC invocations=4 (full 0):
 PSYoungGen      total 25088K, used 25076K [0x00000000f1880000, 0x00000000f4980000, 0x0000000100000000)
  eden space 23552K, 100% used [0x00000000f1880000,0x00000000f2f80000,0x00000000f2f80000)
  from space 1536K, 99% used [0x00000000f2f80000,0x00000000f30fd1a0,0x00000000f3100000)
  to   space 1536K, 0% used [0x00000000f4800000,0x00000000f4800000,0x00000000f4980000)
 ParOldGen       total 29184K, used 17601K [0x00000000d4a00000, 0x00000000d6680000, 0x00000000f1880000)
  object space 29184K, 60% used [0x00000000d4a00000,0x00000000d5b306a8,0x00000000d6680000)
 PSPermGen       total 21504K, used 11474K [0x00000000cf800000, 0x00000000d0d00000, 0x00000000d4a00000)
  object space 21504K, 53% used [0x00000000cf800000,0x00000000d0334a48,0x00000000d0d00000)
Event: 4,387 GC heap after
Heap after GC invocations=4 (full 0):
 PSYoungGen      total 48640K, used 1520K [0x00000000f1880000, 0x00000000f4980000, 0x0000000100000000)
  eden space 47104K, 0% used [0x00000000f1880000,0x00000000f1880000,0x00000000f4680000)
  from space 1536K, 98% used [0x00000000f4800000,0x00000000f497c020,0x00000000f4980000)
  to   space 1536K, 0% used [0x00000000f4680000,0x00000000f4680000,0x00000000f4800000)
 ParOldGen       total 29184K, used 17994K [0x00000000d4a00000, 0x00000000d6680000, 0x00000000f1880000)
  object space 29184K, 61% used [0x00000000d4a00000,0x00000000d5b92ac0,0x00000000d6680000)
 PSPermGen       total 21504K, used 11474K [0x00000000cf800000, 0x00000000d0d00000, 0x00000000d4a00000)
  object space 21504K, 53% used [0x00000000cf800000,0x00000000d0334a48,0x00000000d0d00000)
}
Event: 4,387 GC heap before
{Heap before GC invocations=5 (full 1):
 PSYoungGen      total 48640K, used 1520K [0x00000000f1880000, 0x00000000f4980000, 0x0000000100000000)
  eden space 47104K, 0% used [0x00000000f1880000,0x00000000f1880000,0x00000000f4680000)
  from space 1536K, 98% used [0x00000000f4800000,0x00000000f497c020,0x00000000f4980000)
  to   space 1536K, 0% used [0x00000000f4680000,0x00000000f4680000,0x00000000f4800000)
 ParOldGen       total 29184K, used 17994K [0x00000000d4a00000, 0x00000000d6680000, 0x00000000f1880000)
  object space 29184K, 61% used [0x00000000d4a00000,0x00000000d5b92ac0,0x00000000d6680000)
 PSPermGen       total 21504K, used 11474K [0x00000000cf800000, 0x00000000d0d00000, 0x00000000d4a00000)
  object space 21504K, 53% used [0x00000000cf800000,0x00000000d0334a48,0x00000000d0d00000)
Event: 4,493 GC heap after
Heap after GC invocations=5 (full 1):
 PSYoungGen      total 48640K, used 0K [0x00000000f1880000, 0x00000000f4980000, 0x0000000100000000)
  eden space 47104K, 0% used [0x00000000f1880000,0x00000000f1880000,0x00000000f4680000)
  from space 1536K, 0% used [0x00000000f4800000,0x00000000f4800000,0x00000000f4980000)
  to   space 1536K, 0% used [0x00000000f4680000,0x00000000f4680000,0x00000000f4800000)
 ParOldGen       total 34304K, used 3929K [0x00000000d4a00000, 0x00000000d6b80000, 0x00000000f1880000)
  object space 34304K, 11% used [0x00000000d4a00000,0x00000000d4dd6508,0x00000000d6b80000)
 PSPermGen       total 23040K, used 11471K [0x00000000cf800000, 0x00000000d0e80000, 0x00000000d4a00000)
  object space 23040K, 49% used [0x00000000cf800000,0x00000000d0333e58,0x00000000d0e80000)
}

