# JRE version: Java(TM) SE Runtime Environment (7.0_51-b13) (build 1.7.0_51-b13)
# Java VM: Java HotSpot(TM) 64-Bit Server VM (24.51-b03 mixed mode linux-amd64 compressed oops)
Heap
 PSYoungGen      total 48640K, used 30676K [0x00000000f1880000, 0x00000000f4980000, 0x0000000100000000)
  eden space 47104K, 65% used [0x00000000f1880000,0x00000000f36752d0,0x00000000f4680000)
  from space 1536K, 0% used [0x00000000f4800000,0x00000000f4800000,0x00000000f4980000)
  to   space 1536K, 0% used [0x00000000f4680000,0x00000000f4680000,0x00000000f4800000)
 ParOldGen       total 33792K, used 4269K [0x00000000d4a00000, 0x00000000d6b00000, 0x00000000f1880000)
  object space 33792K, 12% used [0x00000000d4a00000,0x00000000d4e2b680,0x00000000d6b00000)
 PSPermGen       total 23040K, used 11635K [0x00000000cf800000, 0x00000000d0e80000, 0x00000000d4a00000)
  object space 23040K, 50% used [0x00000000cf800000,0x00000000d035cd78,0x00000000d0e80000)
GC Heap History (10 events):
Event: 1,595 GC heap before
{Heap before GC invocations=1 (full 0):
 PSYoungGen      total 13312K, used 11766K [0x00000000f1880000, 0x00000000f2700000, 0x0000000100000000)
  eden space 11776K, 99% used [0x00000000f1880000,0x00000000f23fdb50,0x00000000f2400000)
  from space 1536K, 0% used [0x00000000f2580000,0x00000000f2580000,0x00000000f2700000)
  to   space 1536K, 0% used [0x00000000f2400000,0x00000000f2400000,0x00000000f2580000)
 ParOldGen       total 29184K, used 0K [0x00000000d4a00000, 0x00000000d6680000, 0x00000000f1880000)
  object space 29184K, 0% used [0x00000000d4a00000,0x00000000d4a00000,0x00000000d6680000)
 PSPermGen       total 21504K, used 10545K [0x00000000cf800000, 0x00000000d0d00000, 0x00000000d4a00000)
  object space 21504K, 49% used [0x00000000cf800000,0x00000000d024c420,0x00000000d0d00000)
Event: 1,617 GC heap after
Heap after GC invocations=1 (full 0):
 PSYoungGen      total 13312K, used 1504K [0x00000000f1880000, 0x00000000f3280000, 0x0000000100000000)
  eden space 11776K, 0% used [0x00000000f1880000,0x00000000f1880000,0x00000000f2400000)
  from space 1536K, 97% used [0x00000000f2400000,0x00000000f2578010,0x00000000f2580000)
  to   space 1536K, 0% used [0x00000000f3100000,0x00000000f3100000,0x00000000f3280000)
 ParOldGen       total 29184K, used 8624K [0x00000000d4a00000, 0x00000000d6680000, 0x00000000f1880000)
  object space 29184K, 29% used [0x00000000d4a00000,0x00000000d526c2c0,0x00000000d6680000)
 PSPermGen       total 21504K, used 10545K [0x00000000cf800000, 0x00000000d0d00000, 0x00000000d4a00000)
  object space 21504K, 49% used [0x00000000cf800000,0x00000000d024c420,0x00000000d0d00000)
}
Event: 1,946 GC heap before
{Heap before GC invocations=2 (full 0):
 PSYoungGen      total 13312K, used 12824K [0x00000000f1880000, 0x00000000f3280000, 0x0000000100000000)
  eden space 11776K, 96% used [0x00000000f1880000,0x00000000f238e010,0x00000000f2400000)
  from space 1536K, 97% used [0x00000000f2400000,0x00000000f2578010,0x00000000f2580000)
  to   space 1536K, 0% used [0x00000000f3100000,0x00000000f3100000,0x00000000f3280000)
 ParOldGen       total 29184K, used 8624K [0x00000000d4a00000, 0x00000000d6680000, 0x00000000f1880000)
  object space 29184K, 29% used [0x00000000d4a00000,0x00000000d526c2c0,0x00000000d6680000)
 PSPermGen       total 21504K, used 10550K [0x00000000cf800000, 0x00000000d0d00000, 0x00000000d4a00000)
  object space 21504K, 49% used [0x00000000cf800000,0x00000000d024d960,0x00000000d0d00000)
Event: 1,955 GC heap after
Heap after GC invocations=2 (full 0):
 PSYoungGen      total 25088K, used 1524K [0x00000000f1880000, 0x00000000f3280000, 0x0000000100000000)
  eden space 23552K, 0% used [0x00000000f1880000,0x00000000f1880000,0x00000000f2f80000)
  from space 1536K, 99% used [0x00000000f3100000,0x00000000f327d070,0x00000000f3280000)
  to   space 1536K, 0% used [0x00000000f2f80000,0x00000000f2f80000,0x00000000f3100000)
 ParOldGen       total 29184K, used 9960K [0x00000000d4a00000, 0x00000000d6680000, 0x00000000f1880000)
  object space 29184K, 34% used [0x00000000d4a00000,0x00000000d53ba140,0x00000000d6680000)
 PSPermGen       total 21504K, used 10550K [0x00000000cf800000, 0x00000000d0d00000, 0x00000000d4a00000)
  object space 21504K, 49% used [0x00000000cf800000,0x00000000d024d960,0x00000000d0d00000)
}
Event: 3,315 GC heap before
{Heap before GC invocations=3 (full 0):
 PSYoungGen      total 25088K, used 24821K [0x00000000f1880000, 0x00000000f3280000, 0x0000000100000000)
  eden space 23552K, 98% used [0x00000000f1880000,0x00000000f2f40778,0x00000000f2f80000)
  from space 1536K, 99% used [0x00000000f3100000,0x00000000f327d070,0x00000000f3280000)
  to   space 1536K, 0% used [0x00000000f2f80000,0x00000000f2f80000,0x00000000f3100000)
 ParOldGen       total 29184K, used 9960K [0x00000000d4a00000, 0x00000000d6680000, 0x00000000f1880000)
  object space 29184K, 34% used [0x00000000d4a00000,0x00000000d53ba140,0x00000000d6680000)
 PSPermGen       total 21504K, used 11229K [0x00000000cf800000, 0x00000000d0d00000, 0x00000000d4a00000)
  object space 21504K, 52% used [0x00000000cf800000,0x00000000d02f7588,0x00000000d0d00000)
Event: 3,344 GC heap after
Heap after GC invocations=3 (full 0):
 PSYoungGen      total 25088K, used 1507K [0x00000000f1880000, 0x00000000f4980000, 0x0000000100000000)
  eden space 23552K, 0% used [0x00000000f1880000,0x00000000f1880000,0x00000000f2f80000)
  from space 1536K, 98% used [0x00000000f2f80000,0x00000000f30f8d90,0x00000000f3100000)
  to   space 1536K, 0% used [0x00000000f4800000,0x00000000f4800000,0x00000000f4980000)
 ParOldGen       total 29184K, used 17606K [0x00000000d4a00000, 0x00000000d6680000, 0x00000000f1880000)
  object space 29184K, 60% used [0x00000000d4a00000,0x00000000d5b31958,0x00000000d6680000)
 PSPermGen       total 21504K, used 11229K [0x00000000cf800000, 0x00000000d0d00000, 0x00000000d4a00000)
  object space 21504K, 52% used [0x00000000cf800000,0x00000000d02f7588,0x00000000d0d00000)
}
Event: 4,447 GC heap before
{Heap before GC invocations=4 (full 0):
 PSYoungGen      total 25088K, used 25059K [0x00000000f1880000, 0x00000000f4980000, 0x0000000100000000)
  eden space 23552K, 100% used [0x00000000f1880000,0x00000000f2f80000,0x00000000f2f80000)
  from space 1536K, 98% used [0x00000000f2f80000,0x00000000f30f8d90,0x00000000f3100000)
  to   space 1536K, 0% used [0x00000000f4800000,0x00000000f4800000,0x00000000f4980000)
 ParOldGen       total 29184K, used 17606K [0x00000000d4a00000, 0x00000000d6680000, 0x00000000f1880000)
  object space 29184K, 60% used [0x00000000d4a00000,0x00000000d5b31958,0x00000000d6680000)
 PSPermGen       total 21504K, used 11472K [0x00000000cf800000, 0x00000000d0d00000, 0x00000000d4a00000)
  object space 21504K, 53% used [0x00000000cf800000,0x00000000d03340b0,0x00000000d0d00000)
Event: 4,459 GC heap after
Heap after GC invocations=4 (full 0):
 PSYoungGen      total 48640K, used 1506K [0x00000000f1880000, 0x00000000f4980000, 0x0000000100000000)
  eden space 47104K, 0% used [0x00000000f1880000,0x00000000f1880000,0x00000000f4680000)
  from space 1536K, 98% used [0x00000000f4800000,0x00000000f4978840,0x00000000f4980000)
  to   space 1536K, 0% used [0x00000000f4680000,0x00000000f4680000,0x00000000f4800000)
 ParOldGen       total 29184K, used 18407K [0x00000000d4a00000, 0x00000000d6680000, 0x00000000f1880000)
  object space 29184K, 63% used [0x00000000d4a00000,0x00000000d5bf9d70,0x00000000d6680000)
 PSPermGen       total 21504K, used 11472K [0x00000000cf800000, 0x00000000d0d00000, 0x00000000d4a00000)
  object space 21504K, 53% used [0x00000000cf800000,0x00000000d03340b0,0x00000000d0d00000)
}
Event: 4,459 GC heap before
{Heap before GC invocations=5 (full 1):
 PSYoungGen      total 48640K, used 1506K [0x00000000f1880000, 0x00000000f4980000, 0x0000000100000000)
  eden space 47104K, 0% used [0x00000000f1880000,0x00000000f1880000,0x00000000f4680000)
  from space 1536K, 98% used [0x00000000f4800000,0x00000000f4978840,0x00000000f4980000)
  to   space 1536K, 0% used [0x00000000f4680000,0x00000000f4680000,0x00000000f4800000)
 ParOldGen       total 29184K, used 18407K [0x00000000d4a00000, 0x00000000d6680000, 0x00000000f1880000)
  object space 29184K, 63% used [0x00000000d4a00000,0x00000000d5bf9d70,0x00000000d6680000)
 PSPermGen       total 21504K, used 11472K [0x00000000cf800000, 0x00000000d0d00000, 0x00000000d4a00000)
  object space 21504K, 53% used [0x00000000cf800000,0x00000000d03340b0,0x00000000d0d00000)
Event: 4,536 GC heap after
Heap after GC invocations=5 (full 1):
 PSYoungGen      total 48640K, used 0K [0x00000000f1880000, 0x00000000f4980000, 0x0000000100000000)
  eden space 47104K, 0% used [0x00000000f1880000,0x00000000f1880000,0x00000000f4680000)
  from space 1536K, 0% used [0x00000000f4800000,0x00000000f4800000,0x00000000f4980000)
  to   space 1536K, 0% used [0x00000000f4680000,0x00000000f4680000,0x00000000f4800000)
 ParOldGen       total 33792K, used 4269K [0x00000000d4a00000, 0x00000000d6b00000, 0x00000000f1880000)
  object space 33792K, 12% used [0x00000000d4a00000,0x00000000d4e2b680,0x00000000d6b00000)
 PSPermGen       total 23040K, used 11469K [0x00000000cf800000, 0x00000000d0e80000, 0x00000000d4a00000)
  object space 23040K, 49% used [0x00000000cf800000,0x00000000d0333460,0x00000000d0e80000)
}

