# JRE version: Java(TM) SE Runtime Environment (7.0_51-b13) (build 1.7.0_51-b13)
# Java VM: Java HotSpot(TM) 64-Bit Server VM (24.51-b03 mixed mode linux-amd64 compressed oops)
Heap
 PSYoungGen      total 48640K, used 22183K [0x00000000f1880000, 0x00000000f4980000, 0x0000000100000000)
  eden space 47104K, 43% used [0x00000000f1880000,0x00000000f2caf690,0x00000000f4680000)
  from space 1536K, 98% used [0x00000000f4800000,0x00000000f497a840,0x00000000f4980000)
  to   space 1536K, 0% used [0x00000000f4680000,0x00000000f4680000,0x00000000f4800000)
 ParOldGen       total 29184K, used 18723K [0x00000000d4a00000, 0x00000000d6680000, 0x00000000f1880000)
  object space 29184K, 64% used [0x00000000d4a00000,0x00000000d5c48ef0,0x00000000d6680000)
 PSPermGen       total 21504K, used 12139K [0x00000000cf800000, 0x00000000d0d00000, 0x00000000d4a00000)
  object space 21504K, 56% used [0x00000000cf800000,0x00000000d03dac50,0x00000000d0d00000)
GC Heap History (8 events):
Event: 1,460 GC heap before
{Heap before GC invocations=1 (full 0):
 PSYoungGen      total 13312K, used 8943K [0x00000000f1880000, 0x00000000f2700000, 0x0000000100000000)
  eden space 11776K, 75% used [0x00000000f1880000,0x00000000f213bc10,0x00000000f2400000)
  from space 1536K, 0% used [0x00000000f2580000,0x00000000f2580000,0x00000000f2700000)
  to   space 1536K, 0% used [0x00000000f2400000,0x00000000f2400000,0x00000000f2580000)
 ParOldGen       total 29184K, used 0K [0x00000000d4a00000, 0x00000000d6680000, 0x00000000f1880000)
  object space 29184K, 0% used [0x00000000d4a00000,0x00000000d4a00000,0x00000000d6680000)
 PSPermGen       total 21504K, used 11193K [0x00000000cf800000, 0x00000000d0d00000, 0x00000000d4a00000)
  object space 21504K, 52% used [0x00000000cf800000,0x00000000d02ee530,0x00000000d0d00000)
Event: 1,489 GC heap after
Heap after GC invocations=1 (full 0):
 PSYoungGen      total 13312K, used 1522K [0x00000000f1880000, 0x00000000f3280000, 0x0000000100000000)
  eden space 11776K, 0% used [0x00000000f1880000,0x00000000f1880000,0x00000000f2400000)
  from space 1536K, 99% used [0x00000000f2400000,0x00000000f257c830,0x00000000f2580000)
  to   space 1536K, 0% used [0x00000000f3100000,0x00000000f3100000,0x00000000f3280000)
 ParOldGen       total 29184K, used 4032K [0x00000000d4a00000, 0x00000000d6680000, 0x00000000f1880000)
  object space 29184K, 13% used [0x00000000d4a00000,0x00000000d4df0238,0x00000000d6680000)
 PSPermGen       total 21504K, used 11193K [0x00000000cf800000, 0x00000000d0d00000, 0x00000000d4a00000)
  object space 21504K, 52% used [0x00000000cf800000,0x00000000d02ee530,0x00000000d0d00000)
}
Event: 1,761 GC heap before
{Heap before GC invocations=2 (full 0):
 PSYoungGen      total 13312K, used 13298K [0x00000000f1880000, 0x00000000f3280000, 0x0000000100000000)
  eden space 11776K, 100% used [0x00000000f1880000,0x00000000f2400000,0x00000000f2400000)
  from space 1536K, 99% used [0x00000000f2400000,0x00000000f257c830,0x00000000f2580000)
  to   space 1536K, 0% used [0x00000000f3100000,0x00000000f3100000,0x00000000f3280000)
 ParOldGen       total 29184K, used 4032K [0x00000000d4a00000, 0x00000000d6680000, 0x00000000f1880000)
  object space 29184K, 13% used [0x00000000d4a00000,0x00000000d4df0238,0x00000000d6680000)
 PSPermGen       total 21504K, used 11194K [0x00000000cf800000, 0x00000000d0d00000, 0x00000000d4a00000)
  object space 21504K, 52% used [0x00000000cf800000,0x00000000d02eeb48,0x00000000d0d00000)
Event: 1,780 GC heap after
Heap after GC invocations=2 (full 0):
 PSYoungGen      total 25088K, used 1523K [0x00000000f1880000, 0x00000000f3280000, 0x0000000100000000)
  eden space 23552K, 0% used [0x00000000f1880000,0x00000000f1880000,0x00000000f2f80000)
  from space 1536K, 99% used [0x00000000f3100000,0x00000000f327cc50,0x00000000f3280000)
  to   space 1536K, 0% used [0x00000000f2f80000,0x00000000f2f80000,0x00000000f3100000)
 ParOldGen       total 29184K, used 8060K [0x00000000d4a00000, 0x00000000d6680000, 0x00000000f1880000)
  object space 29184K, 27% used [0x00000000d4a00000,0x00000000d51df268,0x00000000d6680000)
 PSPermGen       total 21504K, used 11194K [0x00000000cf800000, 0x00000000d0d00000, 0x00000000d4a00000)
  object space 21504K, 52% used [0x00000000cf800000,0x00000000d02eeb48,0x00000000d0d00000)
}
Event: 3,020 GC heap before
{Heap before GC invocations=3 (full 0):
 PSYoungGen      total 25088K, used 24687K [0x00000000f1880000, 0x00000000f3280000, 0x0000000100000000)
  eden space 23552K, 98% used [0x00000000f1880000,0x00000000f2f1f248,0x00000000f2f80000)
  from space 1536K, 99% used [0x00000000f3100000,0x00000000f327cc50,0x00000000f3280000)
  to   space 1536K, 0% used [0x00000000f2f80000,0x00000000f2f80000,0x00000000f3100000)
 ParOldGen       total 29184K, used 8060K [0x00000000d4a00000, 0x00000000d6680000, 0x00000000f1880000)
  object space 29184K, 27% used [0x00000000d4a00000,0x00000000d51df268,0x00000000d6680000)
 PSPermGen       total 21504K, used 11866K [0x00000000cf800000, 0x00000000d0d00000, 0x00000000d4a00000)
  object space 21504K, 55% used [0x00000000cf800000,0x00000000d0396b10,0x00000000d0d00000)
Event: 3,033 GC heap after
Heap after GC invocations=3 (full 0):
 PSYoungGen      total 25088K, used 1525K [0x00000000f1880000, 0x00000000f4980000, 0x0000000100000000)
  eden space 23552K, 0% used [0x00000000f1880000,0x00000000f1880000,0x00000000f2f80000)
  from space 1536K, 99% used [0x00000000f2f80000,0x00000000f30fd430,0x00000000f3100000)
  to   space 1536K, 0% used [0x00000000f4800000,0x00000000f4800000,0x00000000f4980000)
 ParOldGen       total 29184K, used 11916K [0x00000000d4a00000, 0x00000000d6680000, 0x00000000f1880000)
  object space 29184K, 40% used [0x00000000d4a00000,0x00000000d55a3370,0x00000000d6680000)
 PSPermGen       total 21504K, used 11866K [0x00000000cf800000, 0x00000000d0d00000, 0x00000000d4a00000)
  object space 21504K, 55% used [0x00000000cf800000,0x00000000d0396b10,0x00000000d0d00000)
}
Event: 3,889 GC heap before
{Heap before GC invocations=4 (full 0):
 PSYoungGen      total 25088K, used 24744K [0x00000000f1880000, 0x00000000f4980000, 0x0000000100000000)
  eden space 23552K, 98% used [0x00000000f1880000,0x00000000f2f2ce48,0x00000000f2f80000)
  from space 1536K, 99% used [0x00000000f2f80000,0x00000000f30fd430,0x00000000f3100000)
  to   space 1536K, 0% used [0x00000000f4800000,0x00000000f4800000,0x00000000f4980000)
 ParOldGen       total 29184K, used 11916K [0x00000000d4a00000, 0x00000000d6680000, 0x00000000f1880000)
  object space 29184K, 40% used [0x00000000d4a00000,0x00000000d55a3370,0x00000000d6680000)
 PSPermGen       total 21504K, used 11891K [0x00000000cf800000, 0x00000000d0d00000, 0x00000000d4a00000)
  object space 21504K, 55% used [0x00000000cf800000,0x00000000d039ccb0,0x00000000d0d00000)
Event: 3,907 GC heap after
Heap after GC invocations=4 (full 0):
 PSYoungGen      total 48640K, used 1514K [0x00000000f1880000, 0x00000000f4980000, 0x0000000100000000)
  eden space 47104K, 0% used [0x00000000f1880000,0x00000000f1880000,0x00000000f4680000)
  from space 1536K, 98% used [0x00000000f4800000,0x00000000f497a840,0x00000000f4980000)
  to   space 1536K, 0% used [0x00000000f4680000,0x00000000f4680000,0x00000000f4800000)
 ParOldGen       total 29184K, used 18723K [0x00000000d4a00000, 0x00000000d6680000, 0x00000000f1880000)
  object space 29184K, 64% used [0x00000000d4a00000,0x00000000d5c48ef0,0x00000000d6680000)
 PSPermGen       total 21504K, used 11891K [0x00000000cf800000, 0x00000000d0d00000, 0x00000000d4a00000)
  object space 21504K, 55% used [0x00000000cf800000,0x00000000d039ccb0,0x00000000d0d00000)
}

