# JRE version: Java(TM) SE Runtime Environment (7.0_51-b13) (build 1.7.0_51-b13)
# Java VM: Java HotSpot(TM) 64-Bit Server VM (24.51-b03 mixed mode linux-amd64 compressed oops)
Heap
 PSYoungGen      total 48640K, used 30639K [0x00000000f1880000, 0x00000000f4980000, 0x0000000100000000)
  eden space 47104K, 61% used [0x00000000f1880000,0x00000000f34eee50,0x00000000f4680000)
  from space 1536K, 99% used [0x00000000f4800000,0x00000000f497d010,0x00000000f4980000)
  to   space 1536K, 0% used [0x00000000f4680000,0x00000000f4680000,0x00000000f4800000)
 ParOldGen       total 29184K, used 16514K [0x00000000d4a00000, 0x00000000d6680000, 0x00000000f1880000)
  object space 29184K, 56% used [0x00000000d4a00000,0x00000000d5a209d0,0x00000000d6680000)
 PSPermGen       total 21504K, used 12125K [0x00000000cf800000, 0x00000000d0d00000, 0x00000000d4a00000)
  object space 21504K, 56% used [0x00000000cf800000,0x00000000d03d7640,0x00000000d0d00000)
GC Heap History (8 events):
Event: 1,676 GC heap before
{Heap before GC invocations=1 (full 0):
 PSYoungGen      total 13312K, used 9005K [0x00000000f1880000, 0x00000000f2700000, 0x0000000100000000)
  eden space 11776K, 76% used [0x00000000f1880000,0x00000000f214b490,0x00000000f2400000)
  from space 1536K, 0% used [0x00000000f2580000,0x00000000f2580000,0x00000000f2700000)
  to   space 1536K, 0% used [0x00000000f2400000,0x00000000f2400000,0x00000000f2580000)
 ParOldGen       total 29184K, used 0K [0x00000000d4a00000, 0x00000000d6680000, 0x00000000f1880000)
  object space 29184K, 0% used [0x00000000d4a00000,0x00000000d4a00000,0x00000000d6680000)
 PSPermGen       total 21504K, used 11178K [0x00000000cf800000, 0x00000000d0d00000, 0x00000000d4a00000)
  object space 21504K, 51% used [0x00000000cf800000,0x00000000d02ea988,0x00000000d0d00000)
Event: 1,702 GC heap after
Heap after GC invocations=1 (full 0):
 PSYoungGen      total 13312K, used 1522K [0x00000000f1880000, 0x00000000f3280000, 0x0000000100000000)
  eden space 11776K, 0% used [0x00000000f1880000,0x00000000f1880000,0x00000000f2400000)
  from space 1536K, 99% used [0x00000000f2400000,0x00000000f257c830,0x00000000f2580000)
  to   space 1536K, 0% used [0x00000000f3100000,0x00000000f3100000,0x00000000f3280000)
 ParOldGen       total 29184K, used 4048K [0x00000000d4a00000, 0x00000000d6680000, 0x00000000f1880000)
  object space 29184K, 13% used [0x00000000d4a00000,0x00000000d4df4238,0x00000000d6680000)
 PSPermGen       total 21504K, used 11178K [0x00000000cf800000, 0x00000000d0d00000, 0x00000000d4a00000)
  object space 21504K, 51% used [0x00000000cf800000,0x00000000d02ea988,0x00000000d0d00000)
}
Event: 1,921 GC heap before
{Heap before GC invocations=2 (full 0):
 PSYoungGen      total 13312K, used 13298K [0x00000000f1880000, 0x00000000f3280000, 0x0000000100000000)
  eden space 11776K, 100% used [0x00000000f1880000,0x00000000f2400000,0x00000000f2400000)
  from space 1536K, 99% used [0x00000000f2400000,0x00000000f257c830,0x00000000f2580000)
  to   space 1536K, 0% used [0x00000000f3100000,0x00000000f3100000,0x00000000f3280000)
 ParOldGen       total 29184K, used 4048K [0x00000000d4a00000, 0x00000000d6680000, 0x00000000f1880000)
  object space 29184K, 13% used [0x00000000d4a00000,0x00000000d4df4238,0x00000000d6680000)
 PSPermGen       total 21504K, used 11179K [0x00000000cf800000, 0x00000000d0d00000, 0x00000000d4a00000)
  object space 21504K, 51% used [0x00000000cf800000,0x00000000d02eafa0,0x00000000d0d00000)
Event: 1,933 GC heap after
Heap after GC invocations=2 (full 0):
 PSYoungGen      total 25088K, used 1525K [0x00000000f1880000, 0x00000000f3280000, 0x0000000100000000)
  eden space 23552K, 0% used [0x00000000f1880000,0x00000000f1880000,0x00000000f2f80000)
  from space 1536K, 99% used [0x00000000f3100000,0x00000000f327d450,0x00000000f3280000)
  to   space 1536K, 0% used [0x00000000f2f80000,0x00000000f2f80000,0x00000000f3100000)
 ParOldGen       total 29184K, used 8898K [0x00000000d4a00000, 0x00000000d6680000, 0x00000000f1880000)
  object space 29184K, 30% used [0x00000000d4a00000,0x00000000d52b0ac8,0x00000000d6680000)
 PSPermGen       total 21504K, used 11179K [0x00000000cf800000, 0x00000000d0d00000, 0x00000000d4a00000)
  object space 21504K, 51% used [0x00000000cf800000,0x00000000d02eafa0,0x00000000d0d00000)
}
Event: 3,214 GC heap before
{Heap before GC invocations=3 (full 0):
 PSYoungGen      total 25088K, used 24667K [0x00000000f1880000, 0x00000000f3280000, 0x0000000100000000)
  eden space 23552K, 98% used [0x00000000f1880000,0x00000000f2f19b10,0x00000000f2f80000)
  from space 1536K, 99% used [0x00000000f3100000,0x00000000f327d450,0x00000000f3280000)
  to   space 1536K, 0% used [0x00000000f2f80000,0x00000000f2f80000,0x00000000f3100000)
 ParOldGen       total 29184K, used 8898K [0x00000000d4a00000, 0x00000000d6680000, 0x00000000f1880000)
  object space 29184K, 30% used [0x00000000d4a00000,0x00000000d52b0ac8,0x00000000d6680000)
 PSPermGen       total 21504K, used 11852K [0x00000000cf800000, 0x00000000d0d00000, 0x00000000d4a00000)
  object space 21504K, 55% used [0x00000000cf800000,0x00000000d0393010,0x00000000d0d00000)
Event: 3,227 GC heap after
Heap after GC invocations=3 (full 0):
 PSYoungGen      total 25088K, used 1527K [0x00000000f1880000, 0x00000000f4980000, 0x0000000100000000)
  eden space 23552K, 0% used [0x00000000f1880000,0x00000000f1880000,0x00000000f2f80000)
  from space 1536K, 99% used [0x00000000f2f80000,0x00000000f30fdc40,0x00000000f3100000)
  to   space 1536K, 0% used [0x00000000f4800000,0x00000000f4800000,0x00000000f4980000)
 ParOldGen       total 29184K, used 12836K [0x00000000d4a00000, 0x00000000d6680000, 0x00000000f1880000)
  object space 29184K, 43% used [0x00000000d4a00000,0x00000000d56892f0,0x00000000d6680000)
 PSPermGen       total 21504K, used 11852K [0x00000000cf800000, 0x00000000d0d00000, 0x00000000d4a00000)
  object space 21504K, 55% used [0x00000000cf800000,0x00000000d0393010,0x00000000d0d00000)
}
Event: 3,813 GC heap before
{Heap before GC invocations=4 (full 0):
 PSYoungGen      total 25088K, used 24594K [0x00000000f1880000, 0x00000000f4980000, 0x0000000100000000)
  eden space 23552K, 97% used [0x00000000f1880000,0x00000000f2f06f60,0x00000000f2f80000)
  from space 1536K, 99% used [0x00000000f2f80000,0x00000000f30fdc40,0x00000000f3100000)
  to   space 1536K, 0% used [0x00000000f4800000,0x00000000f4800000,0x00000000f4980000)
 ParOldGen       total 29184K, used 12836K [0x00000000d4a00000, 0x00000000d6680000, 0x00000000f1880000)
  object space 29184K, 43% used [0x00000000d4a00000,0x00000000d56892f0,0x00000000d6680000)
 PSPermGen       total 21504K, used 11876K [0x00000000cf800000, 0x00000000d0d00000, 0x00000000d4a00000)
  object space 21504K, 55% used [0x00000000cf800000,0x00000000d03991b0,0x00000000d0d00000)
Event: 3,832 GC heap after
Heap after GC invocations=4 (full 0):
 PSYoungGen      total 48640K, used 1524K [0x00000000f1880000, 0x00000000f4980000, 0x0000000100000000)
  eden space 47104K, 0% used [0x00000000f1880000,0x00000000f1880000,0x00000000f4680000)
  from space 1536K, 99% used [0x00000000f4800000,0x00000000f497d010,0x00000000f4980000)
  to   space 1536K, 0% used [0x00000000f4680000,0x00000000f4680000,0x00000000f4800000)
 ParOldGen       total 29184K, used 16514K [0x00000000d4a00000, 0x00000000d6680000, 0x00000000f1880000)
  object space 29184K, 56% used [0x00000000d4a00000,0x00000000d5a209d0,0x00000000d6680000)
 PSPermGen       total 21504K, used 11876K [0x00000000cf800000, 0x00000000d0d00000, 0x00000000d4a00000)
  object space 21504K, 55% used [0x00000000cf800000,0x00000000d03991b0,0x00000000d0d00000)
}

